working path  /home/yufan/AE-PACT/lop-2080/dir_rs3odd_dataset
working file  Reg.timesForProblem128x27x27_128_3.csv
-------------------------shuffling  Reg.timesForProblem128x27x27_128_3
working file  test_set_rskernel.csv
working file  Reg.timesForProblem512x7x7_512_3.csv
-------------------------shuffling  Reg.timesForProblem512x7x7_512_3
working file  Reg.timesForProblem1024x17x17_512_3.csv
-------------------------shuffling  Reg.timesForProblem1024x17x17_512_3
working file  Reg.timesForProblem128x27x27_64_3.csv
-------------------------shuffling  Reg.timesForProblem128x27x27_64_3
working file  train_set_c_rskernel_test.csv
working file  train_set_c_rskernel.csv
Done shuffling
~~ alt :  1
-------------------------handling  /home/yufan/AE-PACT/lop-2080/dir_rs3odd_dataset/Reg.timesForProblem128x27x27_128_3
~~ alt :  1
-------------------------handling  /home/yufan/AE-PACT/lop-2080/dir_rs3odd_dataset/Reg.timesForProblem512x7x7_512_3
~~ alt :  1
-------------------------handling  /home/yufan/AE-PACT/lop-2080/dir_rs3odd_dataset/Reg.timesForProblem1024x17x17_512_3
~~ alt :  1
-------------------------handling  /home/yufan/AE-PACT/lop-2080/dir_rs3odd_dataset/Reg.timesForProblem128x27x27_64_3
working path  /home/yufan/AE-PACT/lop-2080/dir_rs1odd_dataset
working file  test_set_rskernel.csv
working file  Reg.timesForProblem512x17x17_1024_1.csv
-------------------------shuffling  Reg.timesForProblem512x17x17_1024_1
working file  train_set_c_rskernel_test.csv
working file  train_set_c_rskernel.csv
Done shuffling
~~ alt :  1
-------------------------handling  /home/yufan/AE-PACT/lop-2080/dir_rs1odd_dataset/Reg.timesForProblem512x17x17_1024_1
working path  /home/yufan/AE-PACT/lop-2080/dir_st2_dataset
working file  Reg.timesForProblem512x7x7_256_3.csv
-------------------------shuffling  Reg.timesForProblem512x7x7_256_3
working file  test_set_c_rskernel_stride2.csv
working file  Reg.timesForProblem128x28x28_64_3.csv
-------------------------shuffling  Reg.timesForProblem128x28x28_64_3
working file  train_set_c_rskernel_stride2_test.csv
working file  train_set_c_rskernel_stride2.csv
working file  Reg.timesForProblem64x112x112_3_7.csv
-------------------------shuffling  Reg.timesForProblem64x112x112_3_7
working file  Reg.timesForProblem256x14x14_128_3.csv
-------------------------shuffling  Reg.timesForProblem256x14x14_128_3
Done shuffling
~~ alt :  1
-------------------------handling  /home/yufan/AE-PACT/lop-2080/dir_st2_dataset/Reg.timesForProblem512x7x7_256_3
~~ alt :  1
-------------------------handling  /home/yufan/AE-PACT/lop-2080/dir_st2_dataset/Reg.timesForProblem128x28x28_64_3
~~ alt :  1
-------------------------handling  /home/yufan/AE-PACT/lop-2080/dir_st2_dataset/Reg.timesForProblem64x112x112_3_7
~~ alt :  1
-------------------------handling  /home/yufan/AE-PACT/lop-2080/dir_st2_dataset/Reg.timesForProblem256x14x14_128_3
working path  /home/yufan/AE-PACT/lop-2080/dir_rs3_half_dataset
working file  Reg.timesForProblem64x54x54_64_3.csv
-------------------------shuffling  Reg.timesForProblem64x54x54_64_3
working file  Reg.timesForProblem256x14x14_256_3.csv
-------------------------shuffling  Reg.timesForProblem256x14x14_256_3
working file  test_set_rskernel.csv
working file  Reg.timesForProblem512x34x34_256_3.csv
-------------------------shuffling  Reg.timesForProblem512x34x34_256_3
working file  Reg.timesForProblem64x272x272_32_3.csv
-------------------------shuffling  Reg.timesForProblem64x272x272_32_3
working file  Reg.timesForProblem32x108x108_3_3.csv
-------------------------shuffling  Reg.timesForProblem32x108x108_3_3
working file  Reg.timesForProblem64x54x54_32_3.csv
-------------------------shuffling  Reg.timesForProblem64x54x54_32_3
working file  Reg.timesForProblem256x68x68_128_3.csv
-------------------------shuffling  Reg.timesForProblem256x68x68_128_3
working file  Reg.timesForProblem128x136x136_64_3.csv
-------------------------shuffling  Reg.timesForProblem128x136x136_64_3
working file  Reg.timesForProblem32x544x544_3_3.csv
-------------------------shuffling  Reg.timesForProblem32x544x544_3_3
working file  Reg.timesForProblem32x108x108_32_3.csv
-------------------------shuffling  Reg.timesForProblem32x108x108_32_3
working file  Reg.timesForProblem64x56x56_64_3.csv
-------------------------shuffling  Reg.timesForProblem64x56x56_64_3
working file  train_set_c_rskernel_test.csv
working file  train_set_c_rskernel.csv
working file  Reg.timesForProblem128x28x28_128_3.csv
-------------------------shuffling  Reg.timesForProblem128x28x28_128_3
Done shuffling
~~ alt :  1
-------------------------handling  /home/yufan/AE-PACT/lop-2080/dir_rs3_half_dataset/Reg.timesForProblem64x54x54_64_3
~~ alt :  1
-------------------------handling  /home/yufan/AE-PACT/lop-2080/dir_rs3_half_dataset/Reg.timesForProblem256x14x14_256_3
~~ alt :  1
-------------------------handling  /home/yufan/AE-PACT/lop-2080/dir_rs3_half_dataset/Reg.timesForProblem512x34x34_256_3
~~ alt :  1
-------------------------handling  /home/yufan/AE-PACT/lop-2080/dir_rs3_half_dataset/Reg.timesForProblem64x272x272_32_3
~~ alt :  1
-------------------------handling  /home/yufan/AE-PACT/lop-2080/dir_rs3_half_dataset/Reg.timesForProblem32x108x108_3_3
~~ alt :  1
-------------------------handling  /home/yufan/AE-PACT/lop-2080/dir_rs3_half_dataset/Reg.timesForProblem64x54x54_32_3
~~ alt :  1
-------------------------handling  /home/yufan/AE-PACT/lop-2080/dir_rs3_half_dataset/Reg.timesForProblem256x68x68_128_3
~~ alt :  1
-------------------------handling  /home/yufan/AE-PACT/lop-2080/dir_rs3_half_dataset/Reg.timesForProblem128x136x136_64_3
~~ alt :  1
-------------------------handling  /home/yufan/AE-PACT/lop-2080/dir_rs3_half_dataset/Reg.timesForProblem32x544x544_3_3
~~ alt :  1
-------------------------handling  /home/yufan/AE-PACT/lop-2080/dir_rs3_half_dataset/Reg.timesForProblem32x108x108_32_3
~~ alt :  1
-------------------------handling  /home/yufan/AE-PACT/lop-2080/dir_rs3_half_dataset/Reg.timesForProblem64x56x56_64_3
~~ alt :  1
-------------------------handling  /home/yufan/AE-PACT/lop-2080/dir_rs3_half_dataset/Reg.timesForProblem128x28x28_128_3
working path  /home/yufan/AE-PACT/lop-2080/dir_s3_half_dataset
working file  Reg.timesForProblem64x54x54_64_3.csv
-------------------------shuffling  Reg.timesForProblem64x54x54_64_3
working file  Reg.timesForProblem256x14x14_256_3.csv
-------------------------shuffling  Reg.timesForProblem256x14x14_256_3
working file  Reg.timesForProblem512x34x34_256_3.csv
-------------------------shuffling  Reg.timesForProblem512x34x34_256_3
working file  Reg.timesForProblem64x272x272_32_3.csv
-------------------------shuffling  Reg.timesForProblem64x272x272_32_3
working file  train_set_3_skernel_test.csv
working file  Reg.timesForProblem32x108x108_3_3.csv
-------------------------shuffling  Reg.timesForProblem32x108x108_3_3
working file  Reg.timesForProblem64x54x54_32_3.csv
-------------------------shuffling  Reg.timesForProblem64x54x54_32_3
working file  Reg.timesForProblem256x68x68_128_3.csv
-------------------------shuffling  Reg.timesForProblem256x68x68_128_3
working file  Reg.timesForProblem128x136x136_64_3.csv
-------------------------shuffling  Reg.timesForProblem128x136x136_64_3
working file  train_set_3_skernel.csv
working file  Reg.timesForProblem32x544x544_3_3.csv
-------------------------shuffling  Reg.timesForProblem32x544x544_3_3
working file  test_set_3_skernel.csv
working file  Reg.timesForProblem32x108x108_32_3.csv
-------------------------shuffling  Reg.timesForProblem32x108x108_32_3
working file  Reg.timesForProblem64x56x56_64_3.csv
-------------------------shuffling  Reg.timesForProblem64x56x56_64_3
working file  Reg.timesForProblem128x28x28_128_3.csv
-------------------------shuffling  Reg.timesForProblem128x28x28_128_3
Done shuffling
~~ alt :  1
-------------------------handling  /home/yufan/AE-PACT/lop-2080/dir_s3_half_dataset/Reg.timesForProblem64x54x54_64_3
~~ alt :  1
-------------------------handling  /home/yufan/AE-PACT/lop-2080/dir_s3_half_dataset/Reg.timesForProblem256x14x14_256_3
~~ alt :  1
-------------------------handling  /home/yufan/AE-PACT/lop-2080/dir_s3_half_dataset/Reg.timesForProblem512x34x34_256_3
~~ alt :  1
-------------------------handling  /home/yufan/AE-PACT/lop-2080/dir_s3_half_dataset/Reg.timesForProblem64x272x272_32_3
~~ alt :  1
-------------------------handling  /home/yufan/AE-PACT/lop-2080/dir_s3_half_dataset/Reg.timesForProblem32x108x108_3_3
~~ alt :  1
-------------------------handling  /home/yufan/AE-PACT/lop-2080/dir_s3_half_dataset/Reg.timesForProblem64x54x54_32_3
~~ alt :  1
-------------------------handling  /home/yufan/AE-PACT/lop-2080/dir_s3_half_dataset/Reg.timesForProblem256x68x68_128_3
~~ alt :  1
-------------------------handling  /home/yufan/AE-PACT/lop-2080/dir_s3_half_dataset/Reg.timesForProblem128x136x136_64_3
~~ alt :  1
-------------------------handling  /home/yufan/AE-PACT/lop-2080/dir_s3_half_dataset/Reg.timesForProblem32x544x544_3_3
~~ alt :  1
-------------------------handling  /home/yufan/AE-PACT/lop-2080/dir_s3_half_dataset/Reg.timesForProblem32x108x108_32_3
~~ alt :  1
-------------------------handling  /home/yufan/AE-PACT/lop-2080/dir_s3_half_dataset/Reg.timesForProblem64x56x56_64_3
~~ alt :  1
-------------------------handling  /home/yufan/AE-PACT/lop-2080/dir_s3_half_dataset/Reg.timesForProblem128x28x28_128_3
========= model building ..... ==============
working path  /home/yufan/AE-PACT/lop-2080/dir_rs3_half_dataset
alt : 1
-------------------------handling  /home/yufan/AE-PACT/lop-2080/dir_rs3_half_dataset/train_set_c_rskernel
-------------------------handling  /home/yufan/AE-PACT/lop-2080/dir_rs3_half_dataset/test_set_rskernel
[RandomForestRegressor] seed 17  : The average indp-test avg 0.005847933188222708
[RandomForestRegressor] seed 43  : The average indp-test avg 0.005847933188222708
[RandomForestRegressor] seed 137  : The average indp-test avg 0.005847933188222708
[RandomForestRegressor] seed 269  : The average indp-test avg 0.005847933188222708
[RandomForestRegressor] seed 811  : The average indp-test avg 0.005847933188222708
alt : 2
-------------------------handling  /home/yufan/AE-PACT/lop-2080/dir_rs3_half_dataset/train_set_c_rskernel
-------------------------handling  /home/yufan/AE-PACT/lop-2080/dir_rs3_half_dataset/test_set_rskernel
[RandomForestRegressor] seed 17  : The average indp-test avg 0.0
[RandomForestRegressor] seed 43  : The average indp-test avg 0.0
[RandomForestRegressor] seed 137  : The average indp-test avg 0.003133599146403107
[RandomForestRegressor] seed 269  : The average indp-test avg 0.0
[RandomForestRegressor] seed 811  : The average indp-test avg 0.003133599146403107
working path  /home/yufan/AE-PACT/lop-2080/dir_st2_dataset
alt : 1
-------------------------handling  /home/yufan/AE-PACT/lop-2080/dir_st2_dataset/train_set_c_rskernel_stride2
-------------------------handling  /home/yufan/AE-PACT/lop-2080/dir_st2_dataset/test_set_c_rskernel_stride2
[RandomForestRegressor] seed 17  : The average indp-test avg 0.0
[RandomForestRegressor] seed 43  : The average indp-test avg 0.0
[RandomForestRegressor] seed 137  : The average indp-test avg 0.0
[RandomForestRegressor] seed 269  : The average indp-test avg 0.0
[RandomForestRegressor] seed 811  : The average indp-test avg 0.0
alt : 2
-------------------------handling  /home/yufan/AE-PACT/lop-2080/dir_st2_dataset/train_set_c_rskernel_stride2
-------------------------handling  /home/yufan/AE-PACT/lop-2080/dir_st2_dataset/test_set_c_rskernel_stride2
[RandomForestRegressor] seed 17  : The average indp-test avg 0.0
[RandomForestRegressor] seed 43  : The average indp-test avg 0.0
[RandomForestRegressor] seed 137  : The average indp-test avg 0.0
[RandomForestRegressor] seed 269  : The average indp-test avg 0.0
[RandomForestRegressor] seed 811  : The average indp-test avg 0.0
working path  /home/yufan/AE-PACT/lop-2080/dir_s3_half_dataset
alt : 1
-------------------------handling  /home/yufan/AE-PACT/lop-2080/dir_s3_half_dataset/train_set_3_skernel
-------------------------handling  /home/yufan/AE-PACT/lop-2080/dir_s3_half_dataset/test_set_3_skernel
[RandomForestRegressor] seed 17  : The average indp-test avg 0.0
[RandomForestRegressor] seed 43  : The average indp-test avg 0.0
[RandomForestRegressor] seed 137  : The average indp-test avg 0.03501945525291829
[RandomForestRegressor] seed 269  : The average indp-test avg 0.0
[RandomForestRegressor] seed 811  : The average indp-test avg 0.03501945525291829
alt : 2
-------------------------handling  /home/yufan/AE-PACT/lop-2080/dir_s3_half_dataset/train_set_3_skernel
-------------------------handling  /home/yufan/AE-PACT/lop-2080/dir_s3_half_dataset/test_set_3_skernel
[RandomForestRegressor] seed 17  : The average indp-test avg 0.0
[RandomForestRegressor] seed 43  : The average indp-test avg 0.0
[RandomForestRegressor] seed 137  : The average indp-test avg 0.0
[RandomForestRegressor] seed 269  : The average indp-test avg 0.0
[RandomForestRegressor] seed 811  : The average indp-test avg 0.0
========= DONE model building ..... ==============
========= Predicting ..... ==============
working path  /home/yufan/AE-PACT/lop-2080/dir_rs3odd_dataset
working file  Reg.timesForProblem128x27x27_128_3.csv
-------------------------shuffling  Reg.timesForProblem128x27x27_128_3
working file  test_set_rskernel.csv
working file  Reg.timesForProblem512x7x7_512_3.csv
-------------------------shuffling  Reg.timesForProblem512x7x7_512_3
working file  Reg.timesForProblem1024x17x17_512_3.csv
-------------------------shuffling  Reg.timesForProblem1024x17x17_512_3
working file  Reg.timesForProblem128x27x27_64_3.csv
-------------------------shuffling  Reg.timesForProblem128x27x27_64_3
working file  train_set_c_rskernel_test.csv
working file  train_set_c_rskernel.csv
Done shuffling
~~ alt :  1
-------------------------handling  /home/yufan/AE-PACT/lop-2080/dir_rs3odd_dataset/Reg.timesForProblem128x27x27_128_3
~~ alt :  1
-------------------------handling  /home/yufan/AE-PACT/lop-2080/dir_rs3odd_dataset/Reg.timesForProblem512x7x7_512_3
~~ alt :  1
-------------------------handling  /home/yufan/AE-PACT/lop-2080/dir_rs3odd_dataset/Reg.timesForProblem1024x17x17_512_3
~~ alt :  1
-------------------------handling  /home/yufan/AE-PACT/lop-2080/dir_rs3odd_dataset/Reg.timesForProblem128x27x27_64_3
~~ alt :  2
-------------------------handling  /home/yufan/AE-PACT/lop-2080/dir_rs3odd_dataset/Reg.timesForProblem128x27x27_128_3
~~ alt :  2
-------------------------handling  /home/yufan/AE-PACT/lop-2080/dir_rs3odd_dataset/Reg.timesForProblem512x7x7_512_3
~~ alt :  2
-------------------------handling  /home/yufan/AE-PACT/lop-2080/dir_rs3odd_dataset/Reg.timesForProblem1024x17x17_512_3
~~ alt :  2
-------------------------handling  /home/yufan/AE-PACT/lop-2080/dir_rs3odd_dataset/Reg.timesForProblem128x27x27_64_3
working path  /home/yufan/AE-PACT/lop-2080/dir_st2_dataset
working file  Reg.timesForProblem512x7x7_256_3.csv
-------------------------shuffling  Reg.timesForProblem512x7x7_256_3
working file  test_set_c_rskernel_stride2.csv
working file  Reg.timesForProblem128x28x28_64_3.csv
-------------------------shuffling  Reg.timesForProblem128x28x28_64_3
working file  train_set_c_rskernel_stride2_test.csv
working file  train_set_c_rskernel_stride2.csv
working file  Reg.timesForProblem64x112x112_3_7.csv
-------------------------shuffling  Reg.timesForProblem64x112x112_3_7
working file  Reg.timesForProblem256x14x14_128_3.csv
-------------------------shuffling  Reg.timesForProblem256x14x14_128_3
Done shuffling
~~ alt :  1
-------------------------handling  /home/yufan/AE-PACT/lop-2080/dir_st2_dataset/Reg.timesForProblem512x7x7_256_3
~~ alt :  1
-------------------------handling  /home/yufan/AE-PACT/lop-2080/dir_st2_dataset/Reg.timesForProblem128x28x28_64_3
~~ alt :  1
-------------------------handling  /home/yufan/AE-PACT/lop-2080/dir_st2_dataset/Reg.timesForProblem64x112x112_3_7
~~ alt :  1
-------------------------handling  /home/yufan/AE-PACT/lop-2080/dir_st2_dataset/Reg.timesForProblem256x14x14_128_3
~~ alt :  2
-------------------------handling  /home/yufan/AE-PACT/lop-2080/dir_st2_dataset/Reg.timesForProblem512x7x7_256_3
~~ alt :  2
-------------------------handling  /home/yufan/AE-PACT/lop-2080/dir_st2_dataset/Reg.timesForProblem128x28x28_64_3
~~ alt :  2
-------------------------handling  /home/yufan/AE-PACT/lop-2080/dir_st2_dataset/Reg.timesForProblem64x112x112_3_7
~~ alt :  2
-------------------------handling  /home/yufan/AE-PACT/lop-2080/dir_st2_dataset/Reg.timesForProblem256x14x14_128_3
working path  /home/yufan/AE-PACT/lop-2080/dir_rs3_half_dataset
working file  Reg.timesForProblem64x54x54_64_3.csv
-------------------------shuffling  Reg.timesForProblem64x54x54_64_3
working file  Reg.timesForProblem256x14x14_256_3.csv
-------------------------shuffling  Reg.timesForProblem256x14x14_256_3
working file  test_set_rskernel.csv
working file  Reg.timesForProblem512x34x34_256_3.csv
-------------------------shuffling  Reg.timesForProblem512x34x34_256_3
working file  Reg.timesForProblem64x272x272_32_3.csv
-------------------------shuffling  Reg.timesForProblem64x272x272_32_3
working file  Reg.timesForProblem32x108x108_3_3.csv
-------------------------shuffling  Reg.timesForProblem32x108x108_3_3
working file  Reg.timesForProblem64x54x54_32_3.csv
-------------------------shuffling  Reg.timesForProblem64x54x54_32_3
working file  Reg.timesForProblem256x68x68_128_3.csv
-------------------------shuffling  Reg.timesForProblem256x68x68_128_3
working file  Reg.timesForProblem128x136x136_64_3.csv
-------------------------shuffling  Reg.timesForProblem128x136x136_64_3
working file  Reg.timesForProblem32x544x544_3_3.csv
-------------------------shuffling  Reg.timesForProblem32x544x544_3_3
working file  Reg.timesForProblem32x108x108_32_3.csv
-------------------------shuffling  Reg.timesForProblem32x108x108_32_3
working file  Reg.timesForProblem64x56x56_64_3.csv
-------------------------shuffling  Reg.timesForProblem64x56x56_64_3
working file  train_set_c_rskernel_test.csv
working file  train_set_c_rskernel.csv
working file  Reg.timesForProblem128x28x28_128_3.csv
-------------------------shuffling  Reg.timesForProblem128x28x28_128_3
Done shuffling
~~ alt :  1
-------------------------handling  /home/yufan/AE-PACT/lop-2080/dir_rs3_half_dataset/Reg.timesForProblem64x54x54_64_3
~~ alt :  1
-------------------------handling  /home/yufan/AE-PACT/lop-2080/dir_rs3_half_dataset/Reg.timesForProblem256x14x14_256_3
~~ alt :  1
-------------------------handling  /home/yufan/AE-PACT/lop-2080/dir_rs3_half_dataset/Reg.timesForProblem512x34x34_256_3
~~ alt :  1
-------------------------handling  /home/yufan/AE-PACT/lop-2080/dir_rs3_half_dataset/Reg.timesForProblem64x272x272_32_3
~~ alt :  1
-------------------------handling  /home/yufan/AE-PACT/lop-2080/dir_rs3_half_dataset/Reg.timesForProblem32x108x108_3_3
~~ alt :  1
-------------------------handling  /home/yufan/AE-PACT/lop-2080/dir_rs3_half_dataset/Reg.timesForProblem64x54x54_32_3
~~ alt :  1
-------------------------handling  /home/yufan/AE-PACT/lop-2080/dir_rs3_half_dataset/Reg.timesForProblem256x68x68_128_3
~~ alt :  1
-------------------------handling  /home/yufan/AE-PACT/lop-2080/dir_rs3_half_dataset/Reg.timesForProblem128x136x136_64_3
~~ alt :  1
-------------------------handling  /home/yufan/AE-PACT/lop-2080/dir_rs3_half_dataset/Reg.timesForProblem32x544x544_3_3
~~ alt :  1
-------------------------handling  /home/yufan/AE-PACT/lop-2080/dir_rs3_half_dataset/Reg.timesForProblem32x108x108_32_3
~~ alt :  1
-------------------------handling  /home/yufan/AE-PACT/lop-2080/dir_rs3_half_dataset/Reg.timesForProblem64x56x56_64_3
~~ alt :  1
-------------------------handling  /home/yufan/AE-PACT/lop-2080/dir_rs3_half_dataset/Reg.timesForProblem128x28x28_128_3
~~ alt :  2
-------------------------handling  /home/yufan/AE-PACT/lop-2080/dir_rs3_half_dataset/Reg.timesForProblem64x54x54_64_3
~~ alt :  2
-------------------------handling  /home/yufan/AE-PACT/lop-2080/dir_rs3_half_dataset/Reg.timesForProblem256x14x14_256_3
~~ alt :  2
-------------------------handling  /home/yufan/AE-PACT/lop-2080/dir_rs3_half_dataset/Reg.timesForProblem512x34x34_256_3
~~ alt :  2
-------------------------handling  /home/yufan/AE-PACT/lop-2080/dir_rs3_half_dataset/Reg.timesForProblem64x272x272_32_3
~~ alt :  2
-------------------------handling  /home/yufan/AE-PACT/lop-2080/dir_rs3_half_dataset/Reg.timesForProblem32x108x108_3_3
~~ alt :  2
-------------------------handling  /home/yufan/AE-PACT/lop-2080/dir_rs3_half_dataset/Reg.timesForProblem64x54x54_32_3
~~ alt :  2
-------------------------handling  /home/yufan/AE-PACT/lop-2080/dir_rs3_half_dataset/Reg.timesForProblem256x68x68_128_3
~~ alt :  2
-------------------------handling  /home/yufan/AE-PACT/lop-2080/dir_rs3_half_dataset/Reg.timesForProblem128x136x136_64_3
~~ alt :  2
-------------------------handling  /home/yufan/AE-PACT/lop-2080/dir_rs3_half_dataset/Reg.timesForProblem32x544x544_3_3
~~ alt :  2
-------------------------handling  /home/yufan/AE-PACT/lop-2080/dir_rs3_half_dataset/Reg.timesForProblem32x108x108_32_3
~~ alt :  2
-------------------------handling  /home/yufan/AE-PACT/lop-2080/dir_rs3_half_dataset/Reg.timesForProblem64x56x56_64_3
~~ alt :  2
-------------------------handling  /home/yufan/AE-PACT/lop-2080/dir_rs3_half_dataset/Reg.timesForProblem128x28x28_128_3
working path  /home/yufan/AE-PACT/lop-2080/dir_s3_half_dataset
working file  Reg.timesForProblem64x54x54_64_3.csv
-------------------------shuffling  Reg.timesForProblem64x54x54_64_3
working file  Reg.timesForProblem256x14x14_256_3.csv
-------------------------shuffling  Reg.timesForProblem256x14x14_256_3
working file  Reg.timesForProblem512x34x34_256_3.csv
-------------------------shuffling  Reg.timesForProblem512x34x34_256_3
working file  Reg.timesForProblem64x272x272_32_3.csv
-------------------------shuffling  Reg.timesForProblem64x272x272_32_3
working file  train_set_3_skernel_test.csv
working file  Reg.timesForProblem32x108x108_3_3.csv
-------------------------shuffling  Reg.timesForProblem32x108x108_3_3
working file  Reg.timesForProblem64x54x54_32_3.csv
-------------------------shuffling  Reg.timesForProblem64x54x54_32_3
working file  Reg.timesForProblem256x68x68_128_3.csv
-------------------------shuffling  Reg.timesForProblem256x68x68_128_3
working file  Reg.timesForProblem128x136x136_64_3.csv
-------------------------shuffling  Reg.timesForProblem128x136x136_64_3
working file  train_set_3_skernel.csv
working file  Reg.timesForProblem32x544x544_3_3.csv
-------------------------shuffling  Reg.timesForProblem32x544x544_3_3
working file  test_set_3_skernel.csv
working file  Reg.timesForProblem32x108x108_32_3.csv
-------------------------shuffling  Reg.timesForProblem32x108x108_32_3
working file  Reg.timesForProblem64x56x56_64_3.csv
-------------------------shuffling  Reg.timesForProblem64x56x56_64_3
working file  Reg.timesForProblem128x28x28_128_3.csv
-------------------------shuffling  Reg.timesForProblem128x28x28_128_3
Done shuffling
~~ alt :  1
-------------------------handling  /home/yufan/AE-PACT/lop-2080/dir_s3_half_dataset/Reg.timesForProblem64x54x54_64_3
~~ alt :  1
-------------------------handling  /home/yufan/AE-PACT/lop-2080/dir_s3_half_dataset/Reg.timesForProblem256x14x14_256_3
~~ alt :  1
-------------------------handling  /home/yufan/AE-PACT/lop-2080/dir_s3_half_dataset/Reg.timesForProblem512x34x34_256_3
~~ alt :  1
-------------------------handling  /home/yufan/AE-PACT/lop-2080/dir_s3_half_dataset/Reg.timesForProblem64x272x272_32_3
~~ alt :  1
-------------------------handling  /home/yufan/AE-PACT/lop-2080/dir_s3_half_dataset/Reg.timesForProblem32x108x108_3_3
~~ alt :  1
-------------------------handling  /home/yufan/AE-PACT/lop-2080/dir_s3_half_dataset/Reg.timesForProblem64x54x54_32_3
~~ alt :  1
-------------------------handling  /home/yufan/AE-PACT/lop-2080/dir_s3_half_dataset/Reg.timesForProblem256x68x68_128_3
~~ alt :  1
-------------------------handling  /home/yufan/AE-PACT/lop-2080/dir_s3_half_dataset/Reg.timesForProblem128x136x136_64_3
~~ alt :  1
-------------------------handling  /home/yufan/AE-PACT/lop-2080/dir_s3_half_dataset/Reg.timesForProblem32x544x544_3_3
~~ alt :  1
-------------------------handling  /home/yufan/AE-PACT/lop-2080/dir_s3_half_dataset/Reg.timesForProblem32x108x108_32_3
~~ alt :  1
-------------------------handling  /home/yufan/AE-PACT/lop-2080/dir_s3_half_dataset/Reg.timesForProblem64x56x56_64_3
~~ alt :  1
-------------------------handling  /home/yufan/AE-PACT/lop-2080/dir_s3_half_dataset/Reg.timesForProblem128x28x28_128_3
~~ alt :  2
-------------------------handling  /home/yufan/AE-PACT/lop-2080/dir_s3_half_dataset/Reg.timesForProblem64x54x54_64_3
~~ alt :  2
-------------------------handling  /home/yufan/AE-PACT/lop-2080/dir_s3_half_dataset/Reg.timesForProblem256x14x14_256_3
~~ alt :  2
-------------------------handling  /home/yufan/AE-PACT/lop-2080/dir_s3_half_dataset/Reg.timesForProblem512x34x34_256_3
~~ alt :  2
-------------------------handling  /home/yufan/AE-PACT/lop-2080/dir_s3_half_dataset/Reg.timesForProblem64x272x272_32_3
~~ alt :  2
-------------------------handling  /home/yufan/AE-PACT/lop-2080/dir_s3_half_dataset/Reg.timesForProblem32x108x108_3_3
~~ alt :  2
-------------------------handling  /home/yufan/AE-PACT/lop-2080/dir_s3_half_dataset/Reg.timesForProblem64x54x54_32_3
~~ alt :  2
-------------------------handling  /home/yufan/AE-PACT/lop-2080/dir_s3_half_dataset/Reg.timesForProblem256x68x68_128_3
~~ alt :  2
-------------------------handling  /home/yufan/AE-PACT/lop-2080/dir_s3_half_dataset/Reg.timesForProblem128x136x136_64_3
~~ alt :  2
-------------------------handling  /home/yufan/AE-PACT/lop-2080/dir_s3_half_dataset/Reg.timesForProblem32x544x544_3_3
~~ alt :  2
-------------------------handling  /home/yufan/AE-PACT/lop-2080/dir_s3_half_dataset/Reg.timesForProblem32x108x108_32_3
~~ alt :  2
-------------------------handling  /home/yufan/AE-PACT/lop-2080/dir_s3_half_dataset/Reg.timesForProblem64x56x56_64_3
~~ alt :  2
-------------------------handling  /home/yufan/AE-PACT/lop-2080/dir_s3_half_dataset/Reg.timesForProblem128x28x28_128_3
========= Predicting DONE..... ==============
============== final result :: ============
============== Pure ANA :: ============
[30, 'defo1', -1, 0.0, 0.01142, 0.01142, 1]
[30, 'defo2', -1, 0.18497694816147522, 0.05269, 0.044465000000000005, 1]
[30, 'defo3', -1, 0.30463797130463804, 0.0391, 0.02997, 1]
[30, 'defo4', -1, 0.510874293170944, 0.06947, 0.04598, 1]
[30, 'defo5', -1, 0.27646129541864145, 0.0404, 0.03165, 1]
[30, 'defo6', -1, 0.18763523956723344, 0.05763, 0.048525, 1]
[30, 'res1*', -1, 0.0, 0.046704999999999997, 0.046704999999999997, 2]
[30, 'res2', -1, 0.7360703812316713, 0.07991999999999999, 0.046035, 1]
[30, 'res4*', -1, 0.07648725212464592, 0.038, 0.0353, 2]
[30, 'res6', -1, 1.0548495709786032, 0.094595, 0.046035, 1]
[30, 'res7*', -1, 0.010921310557266913, 0.0361, 0.03571, 2]
[30, 'res9', -1, 0.9430309173846932, 0.09584, 0.049325, 1]
[30, 'res10*', -1, 0.15182515694024648, 0.04954, 0.04301, 2]
[30, 'res12', -1, 0.021448689246768255, 0.07072, 0.069235, 1]
[30, 'yolo0', -1, 0.22393509127789035, 0.15084999999999998, 0.12325, 1]
[30, 'yolo2', -1, 0.1937265732886169, 0.39331499999999997, 0.32948500000000003, 1]
[30, 'yolo4', -1, 0.12960256924929758, 0.35173, 0.31137499999999996, 1]
[30, 'yolo8', -1, 0.004515202157914756, 0.34260999999999997, 0.34107, 1]
[30, 'yolo12', -1, 0.0, 0.33888, 0.33888, 1]
[30, 'yolo18', -1, 0.0, 0.35539, 0.35539, 1]
============== Pure ML :: ============
[30, 'defo1', 1, 0.0, 11.42, 11.42, 1]
[30, 'defo2', 1, 0.01652985494208927, 45.2, 44.465, 1]
[30, 'defo3', 1, 0.09109109109109123, 32.7, 29.97, 1]
[30, 'defo4', 1, 0.07253153545019576, 49.315, 45.98, 1]
[30, 'defo5', 1, 0.0, 31.65, 31.65, 1]
[30, 'defo6', 1, 0.0, 48.525, 48.525, 1]
[30, 'res1*', 1, 0.0006423295150412405, 46.735, 46.705, 2]
[30, 'res2', 1, 0.005430650591940915, 46.285, 46.035, 1]
[30, 'res4*', 1, 0.028045325779037088, 36.290000000000006, 35.3, 2]
[30, 'res6', 1, 0.0, 46.035, 46.035, 1]
[30, 'res7*', 1, 0.0, 35.71, 35.71, 2]
[30, 'res9', 1, 0.0, 49.325, 49.325, 1]
[30, 'res10*', 1, 1.4768658451522902, 106.53, 43.01, 2]
[30, 'res12', 1, 0.0, 69.235, 69.235, 1]
[30, 'yolo0', 1, 0.035294117647058774, 127.6, 123.25, 1]
[30, 'yolo2', 1, 0.0, 329.485, 329.485, 1]
[30, 'yolo4', 1, 0.0, 311.37499999999994, 311.37499999999994, 1]
[30, 'yolo8', 1, 0.0, 341.07, 341.07, 1]
[30, 'yolo12', 1, 0.0, 338.88, 338.88, 1]
[30, 'yolo18', 1, 0.0, 355.39, 355.39, 1]
============== Pure ext_HYB :: ============
[30, 'defo1', 2, 0.0, 11.42, 11.42, 1]
[30, 'defo2', 2, 0.032385021927358544, 45.905, 44.465, 1]
[30, 'defo3', 2, 0.0, 29.97, 29.97, 1]
[30, 'defo4', 2, 0.005980861244019263, 46.255, 45.98, 1]
[30, 'defo5', 2, 0.0, 31.65, 31.65, 1]
[30, 'defo6', 2, 0.0, 48.525, 48.525, 1]
[30, 'res1*', 2, 0.0, 46.705, 46.705, 2]
[30, 'res2', 2, 0.0, 46.035, 46.035, 1]
[30, 'res4*', 2, 0.020679886685552522, 36.03, 35.3, 2]
[30, 'res6', 2, 0.0, 46.035, 46.035, 1]
[30, 'res7*', 2, 0.0, 35.71, 35.71, 2]
[30, 'res9', 2, 0.0, 49.325, 49.325, 1]
[30, 'res10*', 2, 0.0, 43.01, 43.01, 2]
[30, 'res12', 2, 0.0, 69.235, 69.235, 1]
[30, 'yolo0', 2, 0.001906693711967541, 123.485, 123.25, 1]
[30, 'yolo2', 2, 0.0, 329.485, 329.485, 1]
[30, 'yolo4', 2, 0.03731834604576496, 322.995, 311.37499999999994, 1]
[30, 'yolo8', 2, 0.0, 341.07, 341.07, 1]
[30, 'yolo12', 2, 0.0, 338.88, 338.88, 1]
[30, 'yolo18', 2, 0.0, 355.39, 355.39, 1]
